<?xml version="1.0" encoding="utf-8"?><testsuites><testsuite name="pytest" errors="0" failures="0" skipped="0" tests="3" time="20.534" timestamp="2024-07-11T12:04:32.746388" hostname="Sais-MacBook-Pro.local"><testcase classname="test_HomePage.TestHomepage" name="test_FormSubmission[getData0]" time="5.679" /><testcase classname="test_HomePage.TestHomepage" name="test_FormSubmission[getData1]" time="0.676" /><testcase classname="test_e2e.TestE2E" name="test_e2e" time="14.149" /></testsuite></testsuites>